<?xml version="1.0" encoding="UTF-8"?>
<!-- Generated by org.testng.reporters.JUnitXMLReporter -->
<testsuite ignored="0" hostname="Rudranshlaptop" failures="0" tests="10" name="Default test" time="0.087" errors="0" timestamp="2023-06-09T16:38:26 IST">
  <testcase classname="parallel.InvocationCountDemo" name="test" time="0.008"/>
  <testcase classname="parallel.InvocationCountDemo" name="test" time="0.001"/>
  <testcase classname="parallel.InvocationCountDemo" name="test" time="0.002"/>
  <testcase classname="parallel.InvocationCountDemo" name="test" time="0.001"/>
  <testcase classname="parallel.InvocationCountDemo" name="test" time="0.002"/>
  <testcase classname="parallel.InvocationCountDemo" name="test" time="0.002"/>
  <testcase classname="parallel.InvocationCountDemo" name="test" time="0.001"/>
  <testcase classname="parallel.InvocationCountDemo" name="test" time="0.001"/>
  <testcase classname="parallel.InvocationCountDemo" name="test" time="0.001"/>
  <testcase classname="parallel.InvocationCountDemo" name="test" time="0.0"/>
</testsuite> <!-- Default test -->
