<?xml version="1.0" encoding="UTF-8"?>
<!-- Generated by org.testng.reporters.JUnitXMLReporter -->
<testsuite ignored="0" hostname="Rudranshlaptop" failures="0" tests="9" name="Default test" time="8.205" errors="0" timestamp="2023-05-23T00:04:37 IST">
  <testcase classname="Project_cognizant.Test_function" name="open_page" time="0.778"/>
  <testcase classname="Project_cognizant.Test_function" name="car_type" time="0.192"/>
  <testcase classname="Project_cognizant.Test_function" name="colour" time="0.182"/>
  <testcase classname="Project_cognizant.Test_function" name="click" time="0.152"/>
  <testcase classname="Project_cognizant.Test_function" name="sensor" time="0.158"/>
  <testcase classname="Project_cognizant.Test_function" name="help" time="0.104"/>
  <testcase classname="Project_cognizant.Test_function" name="chat" time="0.141"/>
  <testcase classname="Project_cognizant.Test_function" name="visit" time="0.145"/>
  <testcase classname="Project_cognizant.Test_function" name="validation" time="0.314"/>
</testsuite> <!-- Default test -->
