<?xml version="1.0" encoding="UTF-8"?>
<!-- Generated by org.testng.reporters.JUnitXMLReporter -->
<testsuite ignored="0" hostname="Rudranshlaptop" failures="0" tests="9" name="Test" time="12.865" errors="0" timestamp="2023-05-20T00:34:50 IST">
  <testcase classname="Project_cognizant.Test_function" name="open_page" time="0.944"/>
  <testcase classname="Project_cognizant.Test_function" name="car_type" time="0.181"/>
  <testcase classname="Project_cognizant.Test_function" name="colour" time="0.172"/>
  <testcase classname="Project_cognizant.Test_function" name="click" time="0.162"/>
  <testcase classname="Project_cognizant.Test_function" name="sensor" time="0.159"/>
  <testcase classname="Project_cognizant.Test_function" name="help" time="0.263"/>
  <testcase classname="Project_cognizant.Test_function" name="chat" time="0.265"/>
  <testcase classname="Project_cognizant.Test_function" name="visit" time="0.322"/>
  <testcase classname="Project_cognizant.Test_function" name="validation" time="0.136"/>
</testsuite> <!-- Test -->
