<?xml version="1.0" encoding="UTF-8"?>
<testng-results ignored="0" total="4" passed="4" failed="0" skipped="0">
  <reporter-output>
  </reporter-output>
  <suite started-at="2023-05-20T14:39:27 IST" name="mysuite" finished-at="2023-05-20T14:40:07 IST" duration-ms="39957">
    <groups>
    </groups>
    <test started-at="2023-05-20T14:39:27 IST" name="chrome test" finished-at="2023-05-20T14:39:41 IST" duration-ms="13633">
      <class name="parallel.ParamTest">
        <test-method is-config="true" signature="setup(java.lang.String,java.lang.String)[pri:0, instance:parallel.ParamTest@6cf0e0ba]" started-at="2023-05-20T14:39:27 IST" name="setup" finished-at="2023-05-20T14:39:40 IST" duration-ms="13369" status="PASS">
          <params>
            <param index="0">
              <value>
                <![CDATA[chrome]]>
              </value>
            </param>
            <param index="1">
              <value>
                <![CDATA[https://opensource-demo.orangehrmlive.com/]]>
              </value>
            </param>
          </params>
          <reporter-output>
          </reporter-output>
        </test-method> <!-- setup -->
        <test-method signature="testLogo()[pri:1, instance:parallel.ParamTest@6cf0e0ba]" started-at="2023-05-20T14:39:40 IST" name="testLogo" finished-at="2023-05-20T14:39:40 IST" duration-ms="43" status="PASS">
          <reporter-output>
          </reporter-output>
        </test-method> <!-- testLogo -->
        <test-method signature="testHomePageTitle()[pri:2, instance:parallel.ParamTest@6cf0e0ba]" started-at="2023-05-20T14:39:40 IST" name="testHomePageTitle" finished-at="2023-05-20T14:39:40 IST" duration-ms="8" status="PASS">
          <reporter-output>
          </reporter-output>
        </test-method> <!-- testHomePageTitle -->
        <test-method is-config="true" signature="closeApp()[pri:0, instance:parallel.ParamTest@6cf0e0ba]" started-at="2023-05-20T14:39:40 IST" name="closeApp" finished-at="2023-05-20T14:39:41 IST" duration-ms="187" status="PASS">
          <reporter-output>
          </reporter-output>
        </test-method> <!-- closeApp -->
      </class> <!-- parallel.ParamTest -->
    </test> <!-- chrome test -->
    <test started-at="2023-05-20T14:39:27 IST" name="edge test" finished-at="2023-05-20T14:40:07 IST" duration-ms="39957">
      <class name="parallel.ParamTest">
        <test-method is-config="true" signature="setup(java.lang.String,java.lang.String)[pri:0, instance:parallel.ParamTest@9f116cc]" started-at="2023-05-20T14:39:27 IST" name="setup" finished-at="2023-05-20T14:40:07 IST" duration-ms="39678" status="PASS">
          <params>
            <param index="0">
              <value>
                <![CDATA[edge]]>
              </value>
            </param>
            <param index="1">
              <value>
                <![CDATA[https://opensource-demo.orangehrmlive.com/]]>
              </value>
            </param>
          </params>
          <reporter-output>
          </reporter-output>
        </test-method> <!-- setup -->
        <test-method signature="testLogo()[pri:1, instance:parallel.ParamTest@9f116cc]" started-at="2023-05-20T14:40:07 IST" name="testLogo" finished-at="2023-05-20T14:40:07 IST" duration-ms="32" status="PASS">
          <reporter-output>
          </reporter-output>
        </test-method> <!-- testLogo -->
        <test-method signature="testHomePageTitle()[pri:2, instance:parallel.ParamTest@9f116cc]" started-at="2023-05-20T14:40:07 IST" name="testHomePageTitle" finished-at="2023-05-20T14:40:07 IST" duration-ms="10" status="PASS">
          <reporter-output>
          </reporter-output>
        </test-method> <!-- testHomePageTitle -->
        <test-method is-config="true" signature="closeApp()[pri:0, instance:parallel.ParamTest@9f116cc]" started-at="2023-05-20T14:40:07 IST" name="closeApp" finished-at="2023-05-20T14:40:07 IST" duration-ms="221" status="PASS">
          <reporter-output>
          </reporter-output>
        </test-method> <!-- closeApp -->
      </class> <!-- parallel.ParamTest -->
    </test> <!-- edge test -->
  </suite> <!-- mysuite -->
</testng-results>
