<?xml version="1.0" encoding="UTF-8"?>
<testng-results ignored="0" total="10" passed="10" failed="0" skipped="0">
  <reporter-output>
  </reporter-output>
  <suite started-at="2023-06-09T16:38:26 IST" name="Default suite" finished-at="2023-06-09T16:38:26 IST" duration-ms="87">
    <groups>
    </groups>
    <test started-at="2023-06-09T16:38:26 IST" name="Default test" finished-at="2023-06-09T16:38:26 IST" duration-ms="87">
      <class name="parallel.InvocationCountDemo">
        <test-method signature="test()[pri:0, instance:parallel.InvocationCountDemo@795cd85e]" started-at="2023-06-09T16:38:26 IST" name="test" finished-at="2023-06-09T16:38:26 IST" duration-ms="8" status="PASS">
          <reporter-output>
          </reporter-output>
        </test-method> <!-- test -->
        <test-method signature="test()[pri:0, instance:parallel.InvocationCountDemo@795cd85e]" started-at="2023-06-09T16:38:26 IST" name="test" finished-at="2023-06-09T16:38:26 IST" duration-ms="1" status="PASS">
          <reporter-output>
          </reporter-output>
        </test-method> <!-- test -->
        <test-method signature="test()[pri:0, instance:parallel.InvocationCountDemo@795cd85e]" started-at="2023-06-09T16:38:26 IST" name="test" finished-at="2023-06-09T16:38:26 IST" duration-ms="2" status="PASS">
          <reporter-output>
          </reporter-output>
        </test-method> <!-- test -->
        <test-method signature="test()[pri:0, instance:parallel.InvocationCountDemo@795cd85e]" started-at="2023-06-09T16:38:26 IST" name="test" finished-at="2023-06-09T16:38:26 IST" duration-ms="1" status="PASS">
          <reporter-output>
          </reporter-output>
        </test-method> <!-- test -->
        <test-method signature="test()[pri:0, instance:parallel.InvocationCountDemo@795cd85e]" started-at="2023-06-09T16:38:26 IST" name="test" finished-at="2023-06-09T16:38:26 IST" duration-ms="2" status="PASS">
          <reporter-output>
          </reporter-output>
        </test-method> <!-- test -->
        <test-method signature="test()[pri:0, instance:parallel.InvocationCountDemo@795cd85e]" started-at="2023-06-09T16:38:26 IST" name="test" finished-at="2023-06-09T16:38:26 IST" duration-ms="2" status="PASS">
          <reporter-output>
          </reporter-output>
        </test-method> <!-- test -->
        <test-method signature="test()[pri:0, instance:parallel.InvocationCountDemo@795cd85e]" started-at="2023-06-09T16:38:26 IST" name="test" finished-at="2023-06-09T16:38:26 IST" duration-ms="1" status="PASS">
          <reporter-output>
          </reporter-output>
        </test-method> <!-- test -->
        <test-method signature="test()[pri:0, instance:parallel.InvocationCountDemo@795cd85e]" started-at="2023-06-09T16:38:26 IST" name="test" finished-at="2023-06-09T16:38:26 IST" duration-ms="1" status="PASS">
          <reporter-output>
          </reporter-output>
        </test-method> <!-- test -->
        <test-method signature="test()[pri:0, instance:parallel.InvocationCountDemo@795cd85e]" started-at="2023-06-09T16:38:26 IST" name="test" finished-at="2023-06-09T16:38:26 IST" duration-ms="1" status="PASS">
          <reporter-output>
          </reporter-output>
        </test-method> <!-- test -->
        <test-method signature="test()[pri:0, instance:parallel.InvocationCountDemo@795cd85e]" started-at="2023-06-09T16:38:26 IST" name="test" finished-at="2023-06-09T16:38:26 IST" duration-ms="0" status="PASS">
          <reporter-output>
          </reporter-output>
        </test-method> <!-- test -->
      </class> <!-- parallel.InvocationCountDemo -->
    </test> <!-- Default test -->
  </suite> <!-- Default suite -->
</testng-results>
